C:\USERS\USER\DOCUMENTS\VISUAL STUDIO 2012\PROJECTS\HWSALAHCI\HWSALAHCI\DEBUG\SOURCE.OBJ
C:\USERS\USER\DOCUMENTS\VISUAL STUDIO 2012\PROJECTS\HWSALAHCI\HWSALAHCI\DEBUG\VC110.PDB
C:\USERS\USER\DOCUMENTS\VISUAL STUDIO 2012\PROJECTS\HWSALAHCI\DEBUG\HWSALAHCI.ILK
C:\USERS\USER\DOCUMENTS\VISUAL STUDIO 2012\PROJECTS\HWSALAHCI\DEBUG\HWSALAHCI.EXE
C:\USERS\USER\DOCUMENTS\VISUAL STUDIO 2012\PROJECTS\HWSALAHCI\DEBUG\HWSALAHCI.PDB
c:\Users\user\documents\visual studio 2012\Projects\hwsalahci\hwsalahci\Debug\Source.obj
c:\Users\user\documents\visual studio 2012\Projects\hwsalahci\hwsalahci\Debug\cl.command.1.tlog
c:\Users\user\documents\visual studio 2012\Projects\hwsalahci\hwsalahci\Debug\CL.read.1.tlog
c:\Users\user\documents\visual studio 2012\Projects\hwsalahci\hwsalahci\Debug\CL.write.1.tlog
c:\Users\user\documents\visual studio 2012\Projects\hwsalahci\hwsalahci\Debug\link-cvtres.read.1.tlog
c:\Users\user\documents\visual studio 2012\Projects\hwsalahci\hwsalahci\Debug\link-cvtres.write.1.tlog
c:\Users\user\documents\visual studio 2012\Projects\hwsalahci\hwsalahci\Debug\link-rc.read.1.tlog
c:\Users\user\documents\visual studio 2012\Projects\hwsalahci\hwsalahci\Debug\link-rc.write.1.tlog
c:\Users\user\documents\visual studio 2012\Projects\hwsalahci\hwsalahci\Debug\link.command.1.tlog
c:\Users\user\documents\visual studio 2012\Projects\hwsalahci\hwsalahci\Debug\link.read.1.tlog
c:\Users\user\documents\visual studio 2012\Projects\hwsalahci\hwsalahci\Debug\link.write.1.tlog
c:\Users\user\documents\visual studio 2012\Projects\hwsalahci\hwsalahci\Debug\vc110.idb
c:\Users\user\documents\visual studio 2012\Projects\hwsalahci\hwsalahci\Debug\vc110.pdb
c:\users\user\documents\visual studio 2012\Projects\hwsalahci\Debug\hwsalahci.pdb
c:\users\user\documents\visual studio 2012\Projects\hwsalahci\Debug\hwsalahci.exe
c:\users\user\documents\visual studio 2012\Projects\hwsalahci\Debug\hwsalahci.ilk
